<?xml version="1.0" encoding="UTF-8"?>
<testng-results skipped="0" failed="0" ignored="0" total="1" passed="1">
  <reporter-output>
  </reporter-output>
  <suite name="Default suite" duration-ms="38980" started-at="2018-07-04T04:53:18Z" finished-at="2018-07-04T04:53:57Z">
    <groups>
    </groups>
    <test name="Default test" duration-ms="38980" started-at="2018-07-04T04:53:18Z" finished-at="2018-07-04T04:53:57Z">
      <class name="CheckURLs.HTTPClient">
        <test-method status="PASS" signature="checkURL()[pri:0, instance:CheckURLs.HTTPClient@6366ebe0]" name="checkURL" duration-ms="38959" started-at="2018-07-04T14:53:18Z" finished-at="2018-07-04T14:53:57Z">
          <reporter-output>
          </reporter-output>
        </test-method> <!-- checkURL -->
        <test-method status="PASS" signature="closingTest()[pri:0, instance:CheckURLs.HTTPClient@6366ebe0]" name="closingTest" is-config="true" duration-ms="0" started-at="2018-07-04T14:53:57Z" finished-at="2018-07-04T14:53:57Z">
          <reporter-output>
          </reporter-output>
        </test-method> <!-- closingTest -->
      </class> <!-- CheckURLs.HTTPClient -->
    </test> <!-- Default test -->
  </suite> <!-- Default suite -->
</testng-results>
